SF:lib/bloc/detail_product/detail_product_bloc.dart
DA:14,1
DA:16,1
DA:17,2
DA:18,1
DA:19,3
DA:20,1
DA:21,3
DA:22,3
LF:8
LH:8
end_of_record
SF:lib/data/models/responses/add_product_response_model.dart
DA:19,1
DA:20,1
DA:30,2
DA:31,2
DA:49,2
DA:50,2
DA:57,2
LF:7
LH:7
end_of_record
SF:lib/data/models/responses/add_product_response_model.g.dart
DA:9,1
DA:11,1
DA:12,2
DA:13,2
DA:16,0
DA:18,0
DA:19,0
DA:20,0
DA:23,4
DA:24,2
DA:26,4
DA:29,0
DA:30,0
DA:31,0
DA:34,2
DA:35,2
DA:36,2
DA:37,2
DA:38,2
DA:39,2
DA:40,2
DA:41,4
DA:42,4
DA:43,4
DA:44,2
DA:45,2
DA:48,0
DA:49,0
DA:50,0
DA:51,0
DA:52,0
DA:53,0
DA:54,0
DA:55,0
DA:56,0
DA:57,0
DA:58,0
DA:59,0
DA:62,2
DA:64,0
LF:40
LH:20
end_of_record
SF:lib/data/remote_datasources/restaurant_datasource.dart
DA:16,0
DA:17,0
DA:18,0
DA:19,0
DA:24,0
DA:25,0
DA:26,0
DA:27,0
DA:35,0
DA:36,0
DA:37,0
DA:38,0
DA:43,0
DA:44,0
DA:45,0
DA:46,0
DA:54,0
DA:55,0
DA:56,0
DA:57,0
DA:62,0
DA:63,0
DA:64,0
DA:65,0
DA:73,0
DA:75,0
DA:76,0
DA:77,0
DA:78,0
DA:80,0
DA:82,0
DA:85,0
DA:86,0
DA:87,0
DA:88,0
DA:96,0
DA:98,0
DA:99,0
DA:100,0
DA:102,0
DA:104,0
DA:107,0
DA:110,0
DA:112,0
DA:113,0
DA:115,0
DA:117,0
DA:118,0
DA:120,0
DA:121,0
DA:122,0
LF:51
LH:0
end_of_record
SF:lib/data/models/requests/add_product_request_model.dart
DA:18,0
DA:33,0
LF:2
LH:0
end_of_record
SF:lib/data/models/requests/add_product_request_model.g.dart
DA:9,0
DA:11,0
DA:12,0
DA:15,0
DA:17,0
DA:18,0
DA:21,0
DA:22,0
DA:23,0
DA:24,0
DA:25,0
DA:26,0
DA:27,0
DA:28,0
DA:31,0
DA:32,0
DA:33,0
DA:34,0
DA:35,0
DA:36,0
DA:37,0
DA:38,0
LF:22
LH:0
end_of_record
SF:lib/data/models/responses/products_response_model.dart
DA:20,1
DA:21,1
DA:30,2
DA:42,1
DA:43,1
LF:5
LH:5
end_of_record
SF:lib/data/models/responses/products_response_model.g.dart
DA:9,1
DA:11,1
DA:12,1
DA:13,3
DA:14,1
DA:15,2
DA:18,0
DA:20,0
DA:21,0
DA:22,0
DA:25,2
DA:27,2
DA:30,0
DA:31,0
DA:34,1
DA:35,1
DA:36,1
DA:37,1
DA:38,1
DA:39,1
DA:42,0
DA:43,0
DA:44,0
DA:45,0
DA:46,0
DA:47,0
LF:26
LH:14
end_of_record
SF:lib/data/models/upload_image_response_model.dart
DA:33,0
DA:34,0
DA:46,0
DA:47,0
DA:64,0
LF:5
LH:0
end_of_record
SF:lib/data/models/upload_image_response_model.g.dart
DA:9,0
DA:11,0
DA:12,0
DA:13,0
DA:14,0
DA:15,0
DA:16,0
DA:17,0
DA:18,0
DA:20,0
DA:21,0
DA:22,0
DA:23,0
DA:24,0
DA:25,0
DA:26,0
DA:27,0
DA:28,0
DA:29,0
DA:31,0
DA:32,0
DA:34,0
DA:37,0
DA:39,0
DA:40,0
DA:41,0
DA:42,0
DA:43,0
DA:44,0
DA:45,0
DA:46,0
DA:47,0
DA:48,0
DA:49,0
DA:50,0
DA:51,0
DA:52,0
DA:53,0
DA:54,0
DA:55,0
DA:56,0
DA:59,0
DA:60,0
DA:62,0
DA:63,0
DA:65,0
DA:66,0
DA:68,0
DA:69,0
DA:71,0
DA:74,0
DA:75,0
DA:76,0
DA:77,0
DA:78,0
DA:79,0
DA:82,0
DA:83,0
DA:84,0
DA:85,0
DA:86,0
DA:87,0
DA:88,0
DA:89,0
DA:90,0
DA:91,0
DA:94,0
DA:95,0
DA:96,0
DA:97,0
DA:98,0
DA:99,0
DA:100,0
DA:101,0
DA:102,0
DA:103,0
LF:76
LH:0
end_of_record
SF:lib/data/local_datasources/auth_local_datasource.dart
DA:7,0
DA:8,0
DA:9,0
DA:13,0
DA:14,0
DA:15,0
DA:18,0
DA:19,0
DA:20,0
DA:21,0
DA:22,0
DA:25,0
DA:26,0
DA:27,0
DA:28,0
DA:29,0
DA:32,0
DA:33,0
DA:34,0
DA:36,0
LF:20
LH:0
end_of_record
SF:lib/data/models/responses/auth_response_model.dart
DA:19,0
DA:35,0
LF:2
LH:0
end_of_record
SF:lib/data/models/responses/auth_response_model.g.dart
DA:9,0
DA:10,0
DA:11,0
DA:12,0
DA:15,0
DA:17,0
DA:18,0
DA:19,0
DA:22,0
DA:23,0
DA:24,0
DA:25,0
DA:26,0
DA:27,0
DA:28,0
DA:29,0
DA:30,0
DA:33,0
DA:34,0
DA:35,0
DA:36,0
DA:37,0
DA:38,0
DA:39,0
DA:40,0
DA:41,0
LF:26
LH:0
end_of_record
SF:lib/bloc/get_all_product/get_all_product_bloc.dart
DA:15,1
DA:17,1
DA:18,2
DA:19,1
DA:20,2
DA:21,1
DA:22,2
DA:23,3
DA:27,1
DA:28,0
DA:29,0
DA:30,0
DA:31,0
DA:32,0
DA:33,0
LF:15
LH:9
end_of_record
